<?xml version="1.0" encoding="UTF-8"?>
<!-- Generated by org.testng.reporters.JUnitReportReporter -->
<testsuite hostname="DESKTOP-PPD5A5P" failures="0" tests="1" name="TestNG1.TestNGBasics" time="0.005" errors="0" timestamp="2024-05-28T12:08:44 IST" skipped="0">
  <testcase classname="TestNG1.TestNGBasics" name="MethodA" time="0.005"/>
</testsuite> <!-- TestNG1.TestNGBasics -->
