<?xml version="1.0" encoding="UTF-8"?>
<!-- Generated by org.testng.reporters.JUnitReportReporter -->
<testsuite hostname="DESKTOP-PPD5A5P" failures="0" tests="2" name="Practicetestng.B" time="0.010" errors="0" timestamp="2024-05-24T11:58:07 IST" skipped="0">
  <testcase classname="Practicetestng.B" name="logout" time="0.001"/>
  <testcase classname="Practicetestng.B" name="Homepage" time="0.009"/>
</testsuite> <!-- Practicetestng.B -->
