<?xml version="1.0" encoding="UTF-8"?>
<!-- Generated by org.testng.reporters.JUnitReportReporter -->
<testsuite hostname="DESKTOP-PPD5A5P" failures="0" tests="7" name="com.tutorialsninja.qa.testcases.Login" time="74.788" errors="0" timestamp="2024-06-27T18:32:32 IST" skipped="0">
  <testcase classname="com.tutorialsninja.qa.testcases.Login" name="verifyLoginWithValidCredentials" time="7.349"/>
  <testcase classname="com.tutorialsninja.qa.testcases.Login" name="verifyLoginWithValidCredentials" time="9.941"/>
  <testcase classname="com.tutorialsninja.qa.testcases.Login" name="verifyLoginWithValidCredentials" time="8.033"/>
  <testcase classname="com.tutorialsninja.qa.testcases.Login" name="verifyLoginwithInvalidCredentials" time="11.435"/>
  <testcase classname="com.tutorialsninja.qa.testcases.Login" name="verifyLoginWithInValidEmailAndValidPassword" time="17.128"/>
  <testcase classname="com.tutorialsninja.qa.testcases.Login" name="verifyLoginWithValidEmailandInvalidPassword" time="13.593"/>
  <testcase classname="com.tutorialsninja.qa.testcases.Login" name="verifyLoginWithoutEmailandPassword" time="7.309"/>
</testsuite> <!-- com.tutorialsninja.qa.testcases.Login -->
