<?xml version="1.0" encoding="UTF-8"?>
<!-- Generated by org.testng.reporters.JUnitReportReporter -->
<testsuite hostname="DESKTOP-PPD5A5P" failures="0" tests="1" name="TestNG.ClassOne" time="0.009" errors="0" timestamp="2024-05-22T18:29:07 IST" skipped="0">
  <testcase classname="TestNG.ClassOne" name="m2" time="0.009"/>
</testsuite> <!-- TestNG.ClassOne -->
