<?xml version="1.0" encoding="UTF-8"?>
<!-- Generated by org.testng.reporters.JUnitReportReporter -->
<testsuite hostname="DESKTOP-PPD5A5P" failures="0" tests="1" name="TestNG1.ParameterTest" time="17.047" errors="0" timestamp="2024-05-24T15:56:34 IST" skipped="0">
  <testcase classname="TestNG1.ParameterTest" name="RoksaanAdminLogin" time="17.047"/>
</testsuite> <!-- TestNG1.ParameterTest -->
