<?xml version="1.0" encoding="UTF-8"?>
<!-- Generated by org.testng.reporters.JUnitReportReporter -->
<testsuite hostname="DESKTOP-PPD5A5P" failures="0" tests="5" name="TestNG.InvocationCountTest" time="0.011" errors="0" timestamp="2024-05-24T11:39:41 IST" skipped="0">
  <testcase classname="TestNG.InvocationCountTest" name="sum" time="0.001"/>
  <testcase classname="TestNG.InvocationCountTest" name="sum" time="0.007"/>
  <testcase classname="TestNG.InvocationCountTest" name="sum" time="0.001"/>
  <testcase classname="TestNG.InvocationCountTest" name="sum" time="0.001"/>
  <testcase classname="TestNG.InvocationCountTest" name="sum" time="0.001"/>
</testsuite> <!-- TestNG.InvocationCountTest -->
