<?xml version="1.0" encoding="UTF-8"?>
<!-- Generated by org.testng.reporters.JUnitReportReporter -->
<testsuite hostname="DESKTOP-PPD5A5P" failures="0" tests="2" name="TestNG.TestNGBasics" time="0.004" errors="0" timestamp="2024-05-24T12:25:18 IST" skipped="0">
  <testcase classname="TestNG.TestNGBasics" name="googleTitleTest" time="0.002"/>
  <testcase classname="TestNG.TestNGBasics" name="searchtext" time="0.002"/>
</testsuite> <!-- TestNG.TestNGBasics -->
