<?xml version="1.0" encoding="UTF-8"?>
<!-- Generated by org.testng.reporters.JUnitReportReporter -->
<testsuite hostname="DESKTOP-PPD5A5P" failures="0" tests="4" name="TestNG1.GoogleTest" time="0.001" errors="0" timestamp="2024-05-28T11:02:37 IST" skipped="3">
  <testcase classname="TestNG1.GoogleTest" name="test1" time="0.001"/>
  <testcase classname="TestNG1.GoogleTest" name="mailpartiallink">
    <skipped/>
  </testcase> <!-- mailpartiallink -->
  <testcase classname="TestNG1.GoogleTest" name="googleLogotest">
    <skipped/>
  </testcase> <!-- googleLogotest -->
  <testcase classname="TestNG1.GoogleTest" name="googleTitleTest">
    <skipped/>
  </testcase> <!-- googleTitleTest -->
</testsuite> <!-- TestNG1.GoogleTest -->
