<?xml version="1.0" encoding="UTF-8"?>
<!-- Generated by org.testng.reporters.JUnitReportReporter -->
<testsuite hostname="DESKTOP-PPD5A5P" failures="0" tests="1" name="testng.parameter.ParameterTest" time="19.572" errors="0" timestamp="2024-05-28T12:58:42 IST" skipped="0">
  <testcase classname="testng.parameter.ParameterTest" name="RoksaanAdminLogin" time="19.572"/>
</testsuite> <!-- testng.parameter.ParameterTest -->
