<?xml version="1.0" encoding="UTF-8"?>
<!-- Generated by org.testng.reporters.JUnitReportReporter -->
<testsuite hostname="DESKTOP-PPD5A5P" failures="0" tests="4" name="TestNG1.TestNGFeatures" time="0.011" errors="0" timestamp="2024-05-28T11:56:22 IST" skipped="0">
  <testcase classname="TestNG1.TestNGFeatures" name="MethodB" time="0.002"/>
  <testcase classname="TestNG1.TestNGFeatures" name="MethodD" time="0.001"/>
  <testcase classname="TestNG1.TestNGFeatures" name="MethodA" time="0.006"/>
  <testcase classname="TestNG1.TestNGFeatures" name="MethodC" time="0.002"/>
</testsuite> <!-- TestNG1.TestNGFeatures -->
