<?xml version="1.0" encoding="UTF-8"?>
<!-- Generated by org.testng.reporters.JUnitReportReporter -->
<testsuite hostname="DESKTOP-PPD5A5P" failures="0" tests="3" name="Practicetestng.A" time="0.010" errors="0" timestamp="2024-05-24T11:55:43 IST" skipped="0">
  <testcase classname="Practicetestng.A" name="logout" time="0.002"/>
  <testcase classname="Practicetestng.A" name="login" time="0.002"/>
  <testcase classname="Practicetestng.A" name="Homepage" time="0.006"/>
</testsuite> <!-- Practicetestng.A -->
