<?xml version="1.0" encoding="UTF-8"?>
<!-- Generated by org.testng.reporters.JUnitReportReporter -->
<testsuite hostname="DESKTOP-PPD5A5P" failures="0" tests="1" name="com.roksaanadmin.practice.MainClass" time="73.874" errors="0" timestamp="2024-06-03T18:33:41 IST" skipped="0">
  <testcase classname="com.roksaanadmin.practice.MainClass" name="execution" time="73.874"/>
</testsuite> <!-- com.roksaanadmin.practice.MainClass -->
