<?xml version="1.0" encoding="UTF-8"?>
<!-- Generated by org.testng.reporters.JUnitReportReporter -->
<testsuite hostname="DESKTOP-PPD5A5P" failures="0" tests="4" name="Practicetestng1.A" time="0.014" errors="0" timestamp="2024-05-24T12:07:46 IST" skipped="0">
  <testcase classname="Practicetestng1.A" name="Homepage" time="0.008"/>
  <testcase classname="Practicetestng1.A" name="login" time="0.003"/>
  <testcase classname="Practicetestng1.A" name="logout" time="0.002"/>
  <testcase classname="Practicetestng1.A" name="test1" time="0.001"/>
</testsuite> <!-- Practicetestng1.A -->
