<?xml version="1.0" encoding="UTF-8"?>
<!-- Generated by org.testng.reporters.JUnitReportReporter -->
<testsuite hostname="DESKTOP-PPD5A5P" failures="0" tests="1" name="testng.utility.TestUtil" time="0.705" errors="0" timestamp="2024-05-28T16:09:26 IST" skipped="0">
  <testcase classname="testng.utility.TestUtil" name="getDataFromExcel" time="0.705"/>
</testsuite> <!-- testng.utility.TestUtil -->
